[pablomarcal.com.br/af/indexa0ed.html]
[backblue.gif]
[fade.gif]
[index.html]
[pablomarcal.com.br/wp-content/uploads/2022/12/bg_pior_ano_novo.jpg]
[pablomarcal.com.br/wp-content/uploads/2022/12/faixa_x_pior_ano.png]
[pablomarcal.com.br/wp-content/litespeed/ucss/e9163f83a1e26991e709e01f57f9a61abf6c.css]
[pablomarcal.com.br/wp-content/plugins/litespeed-cache/assets/js/css_async.min.js]
[pablomarcal.com.br/wp-content/uploads/2022/11/cropped-Marcal_favicon-32x32.png]
[pablomarcal.com.br/af/index.html]
[pablomarcal.com.br/wp-content/uploads/2022/11/cropped-Marcal_favicon-192x192.png]
[pablomarcal.com.br/wp-content/uploads/2022/11/cropped-Marcal_favicon-180x180.png]
[pablomarcal.com.br/af/indexa0ed.html]
[pablomarcal.com.br/wp-content/litespeed/ucss/e9163f83a1e26991e709e01f57f9a61abf6c.css]
[pablomarcal.com.br/wp-includes/js/jquery/jquery-migrate.mind617.js]
[pablomarcal.com.br/wp-content/plugins/form-masks-for-elementor/assets/lib/jquery.mask1f22.js]
[pablomarcal.com.br/wp-content/plugins/form-masks-for-elementor/assets/js/elementor-mask1f22.js]
[pablomarcal.com.br/wp-content/themes/hello-elementor/assets/js/hello-frontend.min8a54.js]
[pablomarcal.com.br/wp-content/plugins/elementor-pro/assets/js/webpack-pro.runtime.min9e95.js]
[pablomarcal.com.br/wp-content/plugins/elementor/assets/js/webpack.runtime.min2e46.js]
[pablomarcal.com.br/wp-content/plugins/elementor/assets/js/frontend-modules.min2e46.js]
[pablomarcal.com.br/wp-includes/js/dist/vendor/regenerator-runtime.min3937.js]
[pablomarcal.com.br/wp-includes/js/dist/vendor/wp-polyfill.min2c7c.js]
[pablomarcal.com.br/wp-includes/js/dist/hooks.min6c65.js]
[pablomarcal.com.br/wp-includes/js/dist/i18n.mine57b.js]
[pablomarcal.com.br/wp-content/plugins/elementor-pro/assets/js/frontend.min9e95.js]
[pablomarcal.com.br/wp-content/plugins/elementor/assets/lib/waypoints/waypoints.min05da.js]
[pablomarcal.com.br/wp-includes/js/jquery/ui/core.min3f14.js]
[pablomarcal.com.br/wp-content/plugins/elementor/assets/js/frontend.min2e46.js]
[pablomarcal.com.br/af/index.html]
[www.googletagmanager.com/gtm5445.html]
[pablomarcal.com.br/wp-content/plugins/elementor-pro/assets/js/elements-handlers.min9e95.js]
